<?xml version="1.0" encoding="UTF-8"?>
<!-- Generated by org.testng.reporters.JUnitReportReporter -->
<testsuite hostname="DESKTOP-7UA5NPA" name="com.Auto_Test.Case.Test_Case_AutoInterface" tests="1" failures="0" timestamp="4 Jan 2020 12:41:51 GMT" time="3.298" errors="0">
  <testcase name="test_case" time="3.298" classname="com.Auto_Test.Case.Test_Case_AutoInterface"/>
</testsuite> <!-- com.Auto_Test.Case.Test_Case_AutoInterface -->
